<?xml version="1.0" encoding="UTF-8"?>
<!-- Generated by org.testng.reporters.JUnitXMLReporter -->
<testsuite ignored="3" hostname="DESKTOP-MKAVVM2" failures="0" tests="5" name="CRM APP TEST" time="73.658" errors="0" timestamp="09 Feb 2019 05:36:17 GMT">
  <testcase classname="com.crm.qa.testcases.Loginpagetest" name="checkalllinks" time="0.142"/>
  <testcase classname="com.crm.qa.testcases.Loginpagetest" name="logintest" time="11.242"/>
  <testcase classname="com.crm.qa.testcases.Loginpagetest" name="validateloginpagetitletest" time="0.013"/>
  <testcase classname="com.crm.qa.testcases.Contactspagetest" name="verifycontactslabletest" time="3.112"/>
  <testcase classname="com.crm.qa.testcases.Homepagetest" name="verifycontactslinkTest" time="0.2"/>
  <testcase classname="com.crm.qa.testcases.Contactspagetest" name="selectcontactbynametest" time="0.0">
    <ignored/>
  </testcase> <!-- selectcontactbynametest -->
  <testcase classname="com.crm.qa.testcases.Homepagetest" name="verifyhomepagetitletest" time="0.0">
    <ignored/>
  </testcase> <!-- verifyhomepagetitletest -->
  <testcase classname="com.crm.qa.testcases.Homepagetest" name="verifyusernametest" time="0.0">
    <ignored/>
  </testcase> <!-- verifyusernametest -->
</testsuite> <!-- CRM APP TEST -->
